SF:lib/core/constants/enums/app_error_enum.dart
DA:10,2
DA:11,2
LF:2
LH:2
end_of_record
SF:lib/core/constants/utils/debounce.dart
DA:6,5
DA:11,2
DA:12,3
DA:13,8
DA:16,2
DA:17,4
LF:6
LH:6
end_of_record
SF:lib/core/data/models/movie_model.dart
DA:4,4
DA:14,4
DA:15,2
DA:16,2
DA:17,2
DA:18,2
DA:20,4
DA:22,4
DA:23,2
DA:24,2
LF:10
LH:10
end_of_record
SF:lib/core/domain/entities/movie_entity.dart
DA:4,9
DA:22,3
DA:23,3
DA:24,3
DA:25,3
DA:26,3
DA:27,3
DA:28,3
DA:29,3
LF:9
LH:9
end_of_record
SF:lib/core/di/detail_dependencies.dart
DA:5,5
DA:6,5
DA:7,5
DA:8,2
DA:9,2
DA:12,5
DA:13,2
DA:14,2
DA:17,5
DA:18,2
DA:19,2
DA:22,5
DA:23,2
DA:24,2
DA:27,5
DA:28,2
DA:29,2
DA:30,2
LF:18
LH:18
end_of_record
SF:lib/core/di/injection_container.dart
DA:10,15
DA:12,5
DA:13,10
DA:14,5
DA:15,5
DA:17,5
DA:20,5
DA:28,10
DA:29,10
LF:9
LH:9
end_of_record
SF:lib/core/di/search_dependencies.dart
DA:4,5
DA:5,5
DA:6,5
DA:7,6
DA:8,6
DA:11,5
DA:12,6
DA:13,6
DA:16,5
DA:17,6
DA:18,6
DA:21,5
DA:22,6
DA:23,6
LF:14
LH:14
end_of_record
SF:lib/core/domain/entities/app_error.dart
DA:6,58
DA:10,2
DA:11,2
DA:12,2
LF:4
LH:4
end_of_record
SF:lib/core/presentation/app/app.dart
DA:10,1
DA:12,1
DA:14,1
DA:15,2
DA:16,1
DA:19,1
DA:20,1
DA:23,1
DA:24,1
DA:27,1
DA:28,2
LF:11
LH:11
end_of_record
SF:lib/features/detail/data/datasources/detail_datasource.dart
DA:12,2
DA:15,1
DA:17,2
DA:18,1
DA:21,2
DA:24,1
DA:26,2
DA:27,1
DA:29,2
DA:30,3
DA:31,1
LF:11
LH:11
end_of_record
SF:lib/features/detail/data/models/credit_model.dart
DA:5,2
DA:11,2
DA:12,1
DA:13,1
DA:14,1
LF:5
LH:5
end_of_record
SF:lib/features/detail/domain/entities/credit_entity.dart
DA:4,6
DA:14,1
DA:15,1
DA:16,1
DA:17,1
DA:18,1
LF:6
LH:6
end_of_record
SF:lib/features/detail/data/models/detail_model.dart
DA:6,7
DA:15,2
DA:16,1
DA:17,1
DA:18,1
DA:19,1
DA:20,1
DA:21,2
DA:22,2
DA:25,1
LF:10
LH:10
end_of_record
SF:lib/features/detail/domain/entities/detail_entity.dart
DA:6,8
DA:22,1
DA:23,1
DA:24,1
DA:25,1
DA:26,1
DA:27,1
DA:28,1
DA:29,1
LF:9
LH:9
end_of_record
SF:lib/features/detail/data/models/genre_model.dart
DA:5,7
DA:9,2
DA:10,1
LF:3
LH:3
end_of_record
SF:lib/features/detail/domain/entities/genre_entity.dart
DA:4,9
DA:10,1
DA:11,1
DA:12,1
LF:4
LH:4
end_of_record
SF:lib/features/detail/data/repositories/detail_repository_impl.dart
DA:11,2
DA:15,1
DA:18,2
DA:19,1
DA:20,1
DA:21,1
DA:24,1
DA:25,1
DA:31,1
DA:34,2
DA:35,1
DA:36,1
DA:37,1
DA:40,1
DA:41,1
LF:15
LH:15
end_of_record
SF:lib/features/detail/domain/usecases/get_credit_movie_usecase.dart
DA:9,2
DA:14,1
DA:16,2
LF:3
LH:3
end_of_record
SF:lib/features/detail/domain/usecases/get_detail_movie_usecase.dart
DA:9,2
DA:14,1
DA:16,2
LF:3
LH:3
end_of_record
SF:lib/features/detail/presentation/cubit/detail_movie_state.dart
DA:4,29
DA:12,1
DA:13,1
DA:14,1
DA:15,1
DA:18,1
DA:22,1
DA:23,1
DA:24,1
DA:30,53
DA:32,1
DA:33,1
DA:37,25
DA:41,27
DA:45,3
DA:50,3
DA:55,53
DA:57,1
DA:58,1
DA:62,25
DA:66,27
DA:70,3
DA:75,3
LF:23
LH:23
end_of_record
SF:lib/features/detail/presentation/cubit/detail_movie_cubit.dart
DA:13,2
DA:18,2
DA:23,1
DA:24,1
DA:25,2
DA:31,2
DA:33,1
DA:34,2
DA:35,2
DA:36,1
DA:39,2
DA:40,2
DA:41,1
DA:47,1
DA:48,1
DA:49,2
DA:53,1
DA:54,2
DA:59,2
DA:60,1
DA:61,2
DA:62,2
DA:63,1
DA:66,2
DA:67,2
DA:68,1
LF:26
LH:26
end_of_record
SF:lib/features/detail/presentation/screen/movie_detail_screen.dart
DA:12,1
DA:15,1
DA:17,1
DA:19,1
DA:20,1
DA:21,1
DA:22,1
DA:23,1
DA:24,1
DA:25,2
DA:26,1
DA:27,2
DA:28,1
DA:29,1
DA:30,2
DA:31,1
DA:32,2
DA:33,1
DA:34,1
DA:41,1
DA:42,1
DA:46,2
DA:47,3
DA:48,1
DA:49,1
LF:25
LH:25
end_of_record
SF:lib/features/detail/presentation/widgets/credit_list.dart
DA:10,26
DA:12,2
DA:14,2
DA:15,2
DA:16,2
DA:17,2
DA:18,4
DA:20,1
DA:21,1
DA:22,1
DA:24,1
DA:25,1
DA:29,1
DA:30,1
DA:32,1
DA:33,1
DA:34,1
DA:37,2
DA:38,1
DA:39,2
DA:40,1
DA:41,1
DA:42,1
DA:43,1
DA:45,1
DA:46,1
DA:47,1
DA:49,1
DA:50,1
DA:51,2
DA:54,1
DA:56,1
DA:57,1
DA:58,1
DA:59,1
DA:60,2
DA:62,1
DA:63,2
DA:65,2
DA:66,1
DA:67,1
DA:72,1
DA:73,1
DA:74,1
DA:76,1
DA:77,1
DA:82,1
DA:83,1
DA:84,1
DA:85,1
DA:86,1
DA:88,1
DA:89,1
DA:103,2
DA:104,4
LF:55
LH:55
end_of_record
SF:lib/features/detail/presentation/widgets/movie_poster.dart
DA:8,2
DA:12,2
DA:14,2
DA:15,2
DA:16,2
DA:17,2
DA:18,2
DA:21,2
DA:22,6
DA:23,4
DA:27,2
DA:28,6
DA:30,6
DA:34,2
DA:38,2
DA:39,2
DA:40,4
DA:41,2
DA:44,2
DA:47,2
DA:48,2
DA:49,4
DA:50,6
DA:51,2
DA:52,2
DA:55,2
DA:58,2
DA:60,2
DA:61,2
DA:62,2
DA:64,4
DA:65,2
DA:66,8
DA:67,2
DA:68,2
DA:78,2
DA:79,2
DA:80,2
DA:81,4
DA:82,2
DA:83,2
DA:87,4
DA:88,2
DA:89,2
DA:90,4
DA:92,2
DA:93,2
LF:47
LH:47
end_of_record
SF:lib/features/home/presentation/screen/home_screen.dart
DA:8,26
DA:10,2
DA:12,2
DA:14,2
DA:17,2
DA:19,2
DA:21,2
DA:22,2
DA:23,2
DA:26,2
DA:28,2
DA:30,3
DA:35,2
DA:36,2
DA:37,2
DA:40,2
DA:41,6
DA:42,4
DA:46,2
LF:19
LH:19
end_of_record
SF:lib/features/search/data/datasources/search_datasource.dart
DA:10,4
DA:14,1
DA:16,2
DA:18,1
DA:23,2
DA:24,3
DA:25,1
LF:7
LH:7
end_of_record
SF:lib/features/search/data/repositories/search_repository_impl.dart
DA:10,4
DA:15,1
DA:20,2
DA:21,1
DA:22,1
DA:23,1
DA:26,1
DA:27,1
LF:8
LH:8
end_of_record
SF:lib/features/search/domain/usecases/get_movie_searched_usecase.dart
DA:8,4
DA:13,1
DA:15,2
LF:3
LH:3
end_of_record
SF:lib/features/search/presentation/cubit/search_state.dart
DA:4,29
DA:6,1
DA:7,1
DA:11,27
DA:15,27
DA:19,3
DA:22,1
DA:23,2
DA:27,3
DA:30,1
DA:31,2
LF:11
LH:11
end_of_record
SF:lib/features/search/presentation/cubit/search_cubit.dart
DA:11,4
DA:13,4
DA:19,2
DA:20,4
DA:21,1
DA:22,3
DA:24,2
DA:26,1
DA:27,2
DA:28,1
DA:30,2
DA:31,1
DA:38,1
DA:39,1
DA:42,1
DA:44,2
DA:45,1
LF:17
LH:17
end_of_record
SF:lib/features/search/presentation/screen/search_screen.dart
DA:7,1
DA:8,1
DA:16,1
DA:17,1
DA:18,2
DA:19,0
DA:23,0
DA:24,0
DA:25,0
DA:30,1
DA:33,0
DA:35,0
DA:37,0
DA:38,0
DA:42,1
DA:44,3
DA:46,1
DA:47,1
LF:18
LH:10
end_of_record
SF:lib/features/search/presentation/widgets/search_movie_card.dart
DA:9,2
DA:13,2
DA:15,2
DA:17,0
DA:18,0
DA:19,0
DA:20,0
DA:21,0
DA:22,0
DA:23,0
DA:24,0
DA:29,2
DA:30,2
DA:31,2
DA:32,2
DA:34,2
DA:36,2
DA:37,2
DA:38,4
DA:39,2
DA:40,2
DA:41,2
DA:42,4
DA:43,2
DA:44,6
DA:46,3
DA:48,2
DA:49,2
DA:52,4
DA:53,6
DA:54,2
DA:58,2
DA:60,2
DA:62,4
DA:64,2
DA:65,4
DA:66,2
DA:67,4
DA:68,2
DA:69,2
DA:80,2
DA:81,2
DA:82,4
DA:83,2
DA:87,2
DA:88,2
DA:89,4
DA:90,2
DA:92,2
DA:96,2
DA:97,4
DA:100,2
DA:102,2
LF:53
LH:45
end_of_record
SF:lib/features/search/presentation/widgets/search_result.dart
DA:10,2
DA:17,2
DA:19,2
DA:20,2
DA:21,2
DA:22,2
DA:24,4
DA:25,1
DA:26,2
DA:32,1
DA:33,1
DA:34,1
DA:35,2
DA:37,2
DA:40,2
DA:41,4
DA:42,2
DA:43,4
DA:44,4
DA:45,2
DA:47,2
DA:49,2
LF:22
LH:22
end_of_record
