SF:lib/core/constants/enums/app_error_enum.dart
DA:10,2
DA:11,2
LF:2
LH:2
end_of_record
SF:lib/core/constants/utils/debounce.dart
DA:6,4
DA:11,2
DA:12,3
DA:13,8
DA:16,2
DA:17,4
LF:6
LH:6
end_of_record
SF:lib/core/data/models/movie_model.dart
DA:4,4
DA:14,4
DA:15,2
DA:16,2
DA:17,2
DA:18,2
DA:20,4
DA:22,4
DA:23,2
DA:24,2
LF:10
LH:10
end_of_record
SF:lib/core/domain/entities/movie_entity.dart
DA:4,9
DA:22,3
DA:23,3
DA:24,3
DA:25,3
DA:26,3
DA:27,3
DA:28,3
DA:29,3
LF:9
LH:9
end_of_record
SF:lib/core/di/detail_dependencies.dart
DA:5,3
DA:6,3
DA:7,3
DA:8,2
DA:9,2
DA:12,3
DA:13,2
DA:14,2
DA:17,3
DA:18,2
DA:19,2
DA:22,3
DA:23,2
DA:24,2
DA:27,3
DA:28,2
DA:29,2
DA:30,2
LF:18
LH:18
end_of_record
SF:lib/core/di/injection_container.dart
DA:10,9
DA:12,3
DA:13,6
DA:14,3
DA:15,3
DA:17,3
DA:20,3
DA:28,6
DA:29,6
LF:9
LH:9
end_of_record
SF:lib/core/di/search_dependencies.dart
DA:4,3
DA:5,3
DA:6,3
DA:7,4
DA:8,4
DA:11,3
DA:12,4
DA:13,4
DA:16,3
DA:17,4
DA:18,4
DA:21,3
DA:22,4
DA:23,4
LF:14
LH:14
end_of_record
SF:lib/core/domain/entities/app_error.dart
DA:6,56
DA:10,2
DA:11,2
DA:12,2
LF:4
LH:4
end_of_record
SF:lib/core/presentation/app/app.dart
DA:10,1
DA:12,1
DA:14,1
DA:15,2
DA:16,1
DA:19,1
DA:20,1
DA:23,1
DA:24,1
DA:27,1
DA:28,2
LF:11
LH:11
end_of_record
SF:lib/features/detail/data/datasources/detail_datasource.dart
DA:12,2
DA:15,1
DA:17,2
DA:18,1
DA:21,2
DA:24,1
DA:26,2
DA:27,1
DA:29,2
DA:30,3
DA:31,1
LF:11
LH:11
end_of_record
SF:lib/features/detail/data/models/credit_model.dart
DA:5,2
DA:11,2
DA:12,1
DA:13,1
DA:14,1
LF:5
LH:5
end_of_record
SF:lib/features/detail/domain/entities/credit_entity.dart
DA:4,6
DA:14,1
DA:15,1
DA:16,1
DA:17,1
DA:18,1
LF:6
LH:6
end_of_record
SF:lib/features/detail/data/models/detail_model.dart
DA:6,2
DA:14,2
DA:15,1
DA:16,1
DA:17,1
DA:18,1
DA:19,1
DA:20,2
DA:21,2
LF:9
LH:9
end_of_record
SF:lib/features/detail/domain/entities/detail_entity.dart
DA:6,7
DA:20,1
DA:21,1
DA:22,1
DA:23,1
DA:24,1
DA:25,1
DA:26,1
LF:8
LH:8
end_of_record
SF:lib/features/detail/data/models/genre_model.dart
DA:5,2
DA:9,2
DA:10,1
LF:3
LH:3
end_of_record
SF:lib/features/detail/domain/entities/genre_entity.dart
DA:4,8
DA:10,1
DA:11,1
DA:12,1
LF:4
LH:4
end_of_record
SF:lib/features/detail/data/repositories/detail_repository_impl.dart
DA:11,2
DA:15,1
DA:18,2
DA:19,1
DA:20,1
DA:21,1
DA:24,1
DA:25,1
DA:31,1
DA:34,2
DA:35,1
DA:36,1
DA:37,1
DA:40,1
DA:41,1
LF:15
LH:15
end_of_record
SF:lib/features/detail/domain/usecases/get_credit_movie_usecase.dart
DA:9,2
DA:14,1
DA:16,2
LF:3
LH:3
end_of_record
SF:lib/features/detail/domain/usecases/get_detail_movie_usecase.dart
DA:9,2
DA:14,1
DA:16,2
LF:3
LH:3
end_of_record
SF:lib/features/detail/presentation/cubit/detail_movie_state.dart
DA:4,28
DA:12,1
DA:13,1
DA:14,1
DA:15,1
DA:18,1
DA:22,1
DA:23,1
DA:24,1
DA:30,51
DA:32,1
DA:33,1
DA:37,24
DA:41,26
DA:45,3
DA:50,3
DA:55,51
DA:57,1
DA:58,1
DA:62,24
DA:66,26
DA:70,3
DA:75,3
LF:23
LH:23
end_of_record
SF:lib/features/detail/presentation/cubit/detail_movie_cubit.dart
DA:13,2
DA:18,2
DA:23,1
DA:24,1
DA:25,2
DA:31,2
DA:33,1
DA:34,2
DA:35,2
DA:36,1
DA:39,2
DA:40,2
DA:41,1
DA:47,1
DA:48,1
DA:49,2
DA:53,1
DA:54,2
DA:59,2
DA:60,1
DA:61,2
DA:62,2
DA:63,1
DA:66,2
DA:67,2
DA:68,1
LF:26
LH:26
end_of_record
SF:lib/features/detail/presentation/screen/movie_detail_screen.dart
DA:12,1
DA:15,1
DA:17,1
DA:19,1
DA:20,1
DA:21,1
DA:22,1
DA:23,1
DA:24,1
DA:25,2
DA:26,1
DA:27,2
DA:28,1
DA:29,1
DA:30,2
DA:31,1
DA:32,2
DA:33,1
DA:34,1
DA:41,1
DA:42,1
DA:46,2
DA:47,3
DA:48,1
DA:49,1
LF:25
LH:25
end_of_record
SF:lib/features/detail/presentation/widgets/credit_list.dart
DA:10,25
DA:12,2
DA:14,2
DA:15,2
DA:16,2
DA:17,2
DA:18,4
DA:20,1
DA:21,1
DA:22,1
DA:24,1
DA:25,1
DA:29,1
DA:30,1
DA:32,1
DA:33,1
DA:34,1
DA:37,2
DA:38,1
DA:39,2
DA:40,1
DA:41,1
DA:42,1
DA:43,1
DA:45,1
DA:46,1
DA:47,1
DA:49,1
DA:50,1
DA:51,2
DA:54,1
DA:56,1
DA:57,1
DA:58,1
DA:59,1
DA:60,2
DA:62,1
DA:63,2
DA:65,2
DA:66,1
DA:67,1
DA:72,1
DA:73,1
DA:74,1
DA:76,1
DA:77,1
DA:82,1
DA:83,1
DA:84,1
DA:85,1
DA:86,1
DA:88,1
DA:89,1
DA:103,2
DA:104,4
LF:55
LH:55
end_of_record
SF:lib/features/detail/presentation/widgets/movie_poster.dart
DA:8,2
DA:12,2
DA:14,2
DA:15,2
DA:16,2
DA:17,2
DA:18,2
DA:21,2
DA:22,6
DA:23,4
DA:27,2
DA:28,6
DA:30,6
DA:34,2
DA:38,2
DA:39,2
DA:40,4
DA:41,2
DA:44,2
DA:47,2
DA:48,2
DA:49,4
DA:50,6
DA:51,2
DA:52,2
DA:55,2
DA:58,2
DA:62,2
DA:63,2
DA:64,2
DA:65,4
DA:66,2
DA:67,2
DA:71,4
DA:72,2
DA:73,2
DA:74,4
DA:76,2
DA:77,2
LF:39
LH:39
end_of_record
SF:lib/features/home/presentation/screen/home_screen.dart
DA:7,24
DA:9,1
DA:11,1
DA:12,1
DA:14,1
DA:15,1
DA:17,0
DA:19,0
DA:24,1
DA:25,1
DA:27,1
DA:29,1
DA:30,0
LF:13
LH:10
end_of_record
SF:lib/features/search/data/datasources/search_datasource.dart
DA:10,3
DA:14,1
DA:16,2
DA:18,1
DA:23,2
DA:24,3
DA:25,1
LF:7
LH:7
end_of_record
SF:lib/features/search/data/repositories/search_repository_impl.dart
DA:10,3
DA:15,1
DA:20,2
DA:21,1
DA:22,1
DA:23,1
DA:26,1
DA:27,1
LF:8
LH:8
end_of_record
SF:lib/features/search/domain/usecases/get_movie_searched_usecase.dart
DA:8,3
DA:13,1
DA:15,2
LF:3
LH:3
end_of_record
SF:lib/features/search/presentation/cubit/search_state.dart
DA:4,28
DA:6,1
DA:7,1
DA:11,26
DA:15,26
DA:19,3
DA:22,1
DA:23,2
DA:27,3
DA:30,1
DA:31,2
LF:11
LH:11
end_of_record
SF:lib/features/search/presentation/cubit/search_cubit.dart
DA:11,3
DA:13,3
DA:19,1
DA:20,1
DA:21,2
DA:22,3
DA:24,2
DA:26,1
DA:27,2
DA:28,1
DA:30,2
DA:31,1
DA:38,1
DA:39,1
DA:42,1
DA:44,2
DA:45,1
LF:17
LH:17
end_of_record
SF:lib/features/search/presentation/screen/search_screen.dart
DA:7,0
DA:8,0
DA:16,0
DA:17,0
DA:18,0
DA:19,0
DA:23,0
DA:24,0
DA:25,0
DA:30,0
DA:33,0
DA:35,0
DA:36,0
DA:38,0
DA:39,0
DA:43,0
DA:45,0
DA:46,0
DA:48,0
DA:49,0
LF:20
LH:0
end_of_record
SF:lib/features/search/presentation/widgets/search_movie_card.dart
DA:9,2
DA:13,2
DA:15,2
DA:16,0
DA:17,0
DA:18,0
DA:19,0
DA:20,0
DA:21,0
DA:22,0
DA:23,0
DA:28,2
DA:29,2
DA:30,2
DA:31,2
DA:33,2
DA:35,2
DA:36,2
DA:37,4
DA:38,2
DA:39,2
DA:40,2
DA:41,4
DA:42,2
DA:43,6
DA:45,3
DA:47,2
DA:48,2
DA:51,4
DA:52,6
DA:53,2
DA:57,2
DA:59,2
DA:61,4
DA:63,2
DA:64,4
DA:65,2
DA:66,4
DA:67,2
DA:68,2
DA:79,2
DA:80,2
DA:81,4
DA:82,2
DA:86,2
DA:87,2
DA:88,4
DA:89,2
DA:91,2
DA:95,2
DA:96,4
DA:99,2
DA:101,2
LF:53
LH:45
end_of_record
SF:lib/features/search/presentation/widgets/search_result.dart
DA:10,1
DA:17,1
DA:19,1
DA:20,1
DA:21,1
DA:22,1
DA:24,3
DA:25,1
DA:26,2
DA:32,1
DA:33,1
DA:34,1
DA:35,2
DA:37,2
DA:40,1
DA:41,4
DA:42,1
DA:43,2
DA:44,2
DA:45,1
DA:47,1
DA:49,1
LF:22
LH:22
end_of_record
